2014/08/04 12:57:44 INFO  - jmeter.util.JMeterUtils: Setting Locale to en_US 
2014/08/04 12:57:44 INFO  - jmeter.JMeter: Loading user properties from: /usr/local/Cellar/jmeter/2.11/libexec/bin/user.properties 
2014/08/04 12:57:44 INFO  - jmeter.JMeter: Loading system properties from: /usr/local/Cellar/jmeter/2.11/libexec/bin/system.properties 
2014/08/04 12:57:44 INFO  - jmeter.JMeter: Copyright (c) 1998-2014 The Apache Software Foundation 
2014/08/04 12:57:44 INFO  - jmeter.JMeter: Version 2.11 r1554548 
2014/08/04 12:57:44 INFO  - jmeter.JMeter: java.version=1.8.0_05 
2014/08/04 12:57:44 INFO  - jmeter.JMeter: java.vm.name=Java HotSpot(TM) 64-Bit Server VM 
2014/08/04 12:57:44 INFO  - jmeter.JMeter: os.name=Mac OS X 
2014/08/04 12:57:44 INFO  - jmeter.JMeter: os.arch=x86_64 
2014/08/04 12:57:44 INFO  - jmeter.JMeter: os.version=10.9.2 
2014/08/04 12:57:44 INFO  - jmeter.JMeter: file.encoding=UTF-8 
2014/08/04 12:57:44 INFO  - jmeter.JMeter: Default Locale=English (United States) 
2014/08/04 12:57:44 INFO  - jmeter.JMeter: JMeter  Locale=English (United States) 
2014/08/04 12:57:44 INFO  - jmeter.JMeter: JMeterHome=/usr/local/Cellar/jmeter/2.11/libexec 
2014/08/04 12:57:44 INFO  - jmeter.JMeter: user.dir  =/Users/chbatey/Workspace/spikes/integration-points-example/jmeter 
2014/08/04 12:57:44 INFO  - jmeter.JMeter: PWD       =/Users/chbatey/Workspace/spikes/integration-points-example/jmeter 
2014/08/04 12:57:44 INFO  - jmeter.JMeter: IP: 10.67.4.73 Name: OSTML0222197 FullName: 10.67.4.73 
2014/08/04 12:57:44 INFO  - jmeter.services.FileServer: Default base='/Users/chbatey/Workspace/spikes/integration-points-example/jmeter' 
2014/08/04 12:57:44 INFO  - jmeter.services.FileServer: Set new base='/Users/chbatey/Workspace/spikes/integration-points-example/jmeter' 
2014/08/04 12:57:44 INFO  - jmeter.JMeter: Loading file: Integration Example.jmx 
2014/08/04 12:57:44 INFO  - jmeter.save.SaveService: Testplan (JMX) version: 2.2. Testlog (JTL) version: 2.2 
2014/08/04 12:57:44 INFO  - jmeter.save.SaveService: Using SaveService properties file encoding UTF-8 
2014/08/04 12:57:44 INFO  - jmeter.save.SaveService: Using SaveService properties version 2.6 
2014/08/04 12:57:44 INFO  - jmeter.save.SaveService: Using SaveService properties file version 1554411 
2014/08/04 12:57:44 INFO  - jmeter.save.SaveService: All converter versions present and correct 
2014/08/04 12:57:44 ERROR - jmeter.save.SaveService: Conversion error com.thoughtworks.xstream.converters.ConversionException:  : no more data available - expected end tags </intProp></ConstantThroughputTimer></hashTree></hashTree></hashTree></jmeterTestPlan> to close start tag <intProp> from line 30 and start tag <ConstantThroughputTimer> from line 29 and start tag <hashTree> from line 28 and start tag <hashTree> from line 13 and start tag <hashTree> from line 3 and start tag <jmeterTestPlan> from line 2, parser stopped on TEXT seen ...</intProp>\n          <doubleProp... @31:22 :  : no more data available - expected end tags </intProp></ConstantThroughputTimer></hashTree></hashTree></hashTree></jmeterTestPlan> to close start tag <intProp> from line 30 and start tag <ConstantThroughputTimer> from line 29 and start tag <hashTree> from line 28 and start tag <hashTree> from line 13 and start tag <hashTree> from line 3 and start tag <jmeterTestPlan> from line 2, parser stopped on TEXT seen ...</intProp>\n          <doubleProp... @31:22
---- Debugging information ----
message             :  : no more data available - expected end tags </intProp></ConstantThroughputTimer></hashTree></hashTree></hashTree></jmeterTestPlan> to close start tag <intProp> from line 30 and start tag <ConstantThroughputTimer> from line 29 and start tag <hashTree> from line 28 and start tag <hashTree> from line 13 and start tag <hashTree> from line 3 and start tag <jmeterTestPlan> from line 2, parser stopped on TEXT seen ...</intProp>\n          <doubleProp... @31:22
cause-exception     : com.thoughtworks.xstream.io.StreamException
cause-message       :  : no more data available - expected end tags </intProp></ConstantThroughputTimer></hashTree></hashTree></hashTree></jmeterTestPlan> to close start tag <intProp> from line 30 and start tag <ConstantThroughputTimer> from line 29 and start tag <hashTree> from line 28 and start tag <hashTree> from line 13 and start tag <hashTree> from line 3 and start tag <jmeterTestPlan> from line 2, parser stopped on TEXT seen ...</intProp>\n          <doubleProp... @31:22
class               : org.apache.jmeter.timers.ConstantThroughputTimer
required-type       : org.apache.jmeter.timers.ConstantThroughputTimer
converter-type      : org.apache.jmeter.save.converters.TestElementConverter
path                : /jmeterTestPlan/hashTree/hashTree/hashTree/ConstantThroughputTimer
line number         : 31
class[1]            : org.apache.jorphan.collections.ListedHashTree
converter-type[1]   : org.apache.jmeter.save.converters.HashTreeConverter
------------------------------- :  : no more data available - expected end tags </intProp></ConstantThroughputTimer></hashTree></hashTree></hashTree></jmeterTestPlan> to close start tag <intProp> from line 30 and start tag <ConstantThroughputTimer> from line 29 and start tag <hashTree> from line 28 and start tag <hashTree> from line 13 and start tag <hashTree> from line 3 and start tag <jmeterTestPlan> from line 2, parser stopped on TEXT seen ...</intProp>\n          <doubleProp... @31:22 :  : no more data available - expected end tags </intProp></ConstantThroughputTimer></hashTree></hashTree></hashTree></jmeterTestPlan> to close start tag <intProp> from line 30 and start tag <ConstantThroughputTimer> from line 29 and start tag <hashTree> from line 28 and start tag <hashTree> from line 13 and start tag <hashTree> from line 3 and start tag <jmeterTestPlan> from line 2, parser stopped on TEXT seen ...</intProp>\n          <doubleProp... @31:22
---- Debugging information ----
message             :  : no more data available - expected end tags </intProp></ConstantThroughputTimer></hashTree></hashTree></hashTree></jmeterTestPlan> to close start tag <intProp> from line 30 and start tag <ConstantThroughputTimer> from line 29 and start tag <hashTree> from line 28 and start tag <hashTree> from line 13 and start tag <hashTree> from line 3 and start tag <jmeterTestPlan> from line 2, parser stopped on TEXT seen ...</intProp>\n          <doubleProp... @31:22
cause-exception     : com.thoughtworks.xstream.io.StreamException
cause-message       :  : no more data available - expected end tags </intProp></ConstantThroughputTimer></hashTree></hashTree></hashTree></jmeterTestPlan> to close start tag <intProp> from line 30 and start tag <ConstantThroughputTimer> from line 29 and start tag <hashTree> from line 28 and start tag <hashTree> from line 13 and start tag <hashTree> from line 3 and start tag <jmeterTestPlan> from line 2, parser stopped on TEXT seen ...</intProp>\n          <doubleProp... @31:22
class               : org.apache.jmeter.timers.ConstantThroughputTimer
required-type       : org.apache.jmeter.timers.ConstantThroughputTimer
converter-type      : org.apache.jmeter.save.converters.TestElementConverter
path                : /jmeterTestPlan/hashTree/hashTree/hashTree/ConstantThroughputTimer
line number         : 31
class[1]            : org.apache.jorphan.collections.ListedHashTree
converter-type[1]   : org.apache.jmeter.save.converters.HashTreeConverter
-------------------------------
message             :  : no more data available - expected end tags </intProp></ConstantThroughputTimer></hashTree></hashTree></hashTree></jmeterTestPlan> to close start tag <intProp> from line 30 and start tag <ConstantThroughputTimer> from line 29 and start tag <hashTree> from line 28 and start tag <hashTree> from line 13 and start tag <hashTree> from line 3 and start tag <jmeterTestPlan> from line 2, parser stopped on TEXT seen ...</intProp>\n          <doubleProp... @31:22 :  : no more data available - expected end tags </intProp></ConstantThroughputTimer></hashTree></hashTree></hashTree></jmeterTestPlan> to close start tag <intProp> from line 30 and start tag <ConstantThroughputTimer> from line 29 and start tag <hashTree> from line 28 and start tag <hashTree> from line 13 and start tag <hashTree> from line 3 and start tag <jmeterTestPlan> from line 2, parser stopped on TEXT seen ...</intProp>\n          <doubleProp... @31:22
---- Debugging information ----
message             :  : no more data available - expected end tags </intProp></ConstantThroughputTimer></hashTree></hashTree></hashTree></jmeterTestPlan> to close start tag <intProp> from line 30 and start tag <ConstantThroughputTimer> from line 29 and start tag <hashTree> from line 28 and start tag <hashTree> from line 13 and start tag <hashTree> from line 3 and start tag <jmeterTestPlan> from line 2, parser stopped on TEXT seen ...</intProp>\n          <doubleProp... @31:22
cause-exception     : com.thoughtworks.xstream.io.StreamException
cause-message       :  : no more data available - expected end tags </intProp></ConstantThroughputTimer></hashTree></hashTree></hashTree></jmeterTestPlan> to close start tag <intProp> from line 30 and start tag <ConstantThroughputTimer> from line 29 and start tag <hashTree> from line 28 and start tag <hashTree> from line 13 and start tag <hashTree> from line 3 and start tag <jmeterTestPlan> from line 2, parser stopped on TEXT seen ...</intProp>\n          <doubleProp... @31:22
class               : org.apache.jmeter.timers.ConstantThroughputTimer
required-type       : org.apache.jmeter.timers.ConstantThroughputTimer
converter-type      : org.apache.jmeter.save.converters.TestElementConverter
path                : /jmeterTestPlan/hashTree/hashTree/hashTree/ConstantThroughputTimer
line number         : 31
class[1]            : org.apache.jorphan.collections.ListedHashTree
converter-type[1]   : org.apache.jmeter.save.converters.HashTreeConverter
-------------------------------
cause-exception     : com.thoughtworks.xstream.converters.ConversionException
cause-message       :  : no more data available - expected end tags </intProp></ConstantThroughputTimer></hashTree></hashTree></hashTree></jmeterTestPlan> to close start tag <intProp> from line 30 and start tag <ConstantThroughputTimer> from line 29 and start tag <hashTree> from line 28 and start tag <hashTree> from line 13 and start tag <hashTree> from line 3 and start tag <jmeterTestPlan> from line 2, parser stopped on TEXT seen ...</intProp>\n          <doubleProp... @31:22 :  : no more data available - expected end tags </intProp></ConstantThroughputTimer></hashTree></hashTree></hashTree></jmeterTestPlan> to close start tag <intProp> from line 30 and start tag <ConstantThroughputTimer> from line 29 and start tag <hashTree> from line 28 and start tag <hashTree> from line 13 and start tag <hashTree> from line 3 and start tag <jmeterTestPlan> from line 2, parser stopped on TEXT seen ...</intProp>\n          <doubleProp... @31:22
first-jmeter-class  : org.apache.jmeter.save.converters.HashTreeConverter.unmarshal(HashTreeConverter.java:65)
class               : org.apache.jmeter.save.ScriptWrapper
required-type       : org.apache.jmeter.timers.ConstantThroughputTimer
converter-type      : org.apache.jmeter.save.ScriptWrapperConverter
path                : /jmeterTestPlan/hashTree/hashTree/hashTree/ConstantThroughputTimer
line number         : 31
version             : 2.11 r1554548
------------------------------- 
2014/08/04 12:57:44 ERROR - jmeter.JMeter: Error in NonGUIDriver java.lang.NullPointerException
	at org.apache.jmeter.gui.tree.JMeterTreeModel.addSubTree(JMeterTreeModel.java:92)
	at org.apache.jmeter.JMeter.runNonGui(JMeter.java:754)
	at org.apache.jmeter.JMeter.startNonGui(JMeter.java:732)
	at org.apache.jmeter.JMeter.start(JMeter.java:390)
	at sun.reflect.NativeMethodAccessorImpl.invoke0(Native Method)
	at sun.reflect.NativeMethodAccessorImpl.invoke(NativeMethodAccessorImpl.java:62)
	at sun.reflect.DelegatingMethodAccessorImpl.invoke(DelegatingMethodAccessorImpl.java:43)
	at java.lang.reflect.Method.invoke(Method.java:483)
	at org.apache.jmeter.NewDriver.main(NewDriver.java:259)

